<?xml version="1.0" encoding="UTF-8"?>
<testng-results ignored="0" total="1" passed="1" failed="0" skipped="0">
  <reporter-output>
  </reporter-output>
  <suite started-at="2023-09-27T17:43:23 IST" name="Default suite" finished-at="2023-09-27T17:43:25 IST" duration-ms="1730">
    <groups>
    </groups>
    <test started-at="2023-09-27T17:43:23 IST" name="Default test" finished-at="2023-09-27T17:43:25 IST" duration-ms="1730">
      <class name="session_07.query_parameter">
        <test-method signature="queryvalidate()[pri:0, instance:session_07.query_parameter@393671df]" started-at="2023-09-27T17:43:23 IST" name="queryvalidate" finished-at="2023-09-27T17:43:25 IST" duration-ms="1706" status="PASS">
          <reporter-output>
          </reporter-output>
        </test-method> <!-- queryvalidate -->
      </class> <!-- session_07.query_parameter -->
    </test> <!-- Default test -->
  </suite> <!-- Default suite -->
</testng-results>
